"\\SVR-CEN03\D$\Centric\GeoServer2.9.1"
"\\SVR-CEN06\D$\Cognos"
"\\SVR-CEN06-t\D$\Cognos"
"\\SVR-CEN07\D$\oracle\fmw122140"
"\\SVR-CEN07-t\D$\oracle\fmw122140"
"\\SVR-CIV01\D$\PinkRoccade\NIFI"
"\\SVR-GIS01\C$\arcgis\arcgisportal"
"\\SVR-GIS01\C$\Program Files\ArcGIS"
"\\SVR-GIS02\C$\arcgis\arcgisportal"
"\\SVR-GIS02\C$\Program Files\ArcGIS"
"\\SVR-GIS03\C$\arcgis\arcgisportal"
"\\SVR-GIS03\C$\Program Files\ArcGIS"
"\\SVR-GIS04\C$\arcgis\arcgisportal"
"\\SVR-GIS04\C$\Program Files\ArcGIS"
"\\SVR-MKS01\D$\MakelaarSuite"
"\\SVR-MKS02\D$\MakelaarSuite"
"\\SVR-MKS01-t\D$\MakelaarSuite"
"\\SVR-MKS02-t\D$\MakelaarSuite"
"\\SVR-NEU01\D$\Vicrea"
"\\SVR-NEU02\D$\Vicrea"
"\\SVR-PRT02\D$\Program Files\PaperCut MF"
"\\SVR-Fil01\D$\APPS\sqldeveloper21\sqldeveloper"
"\\SVR-SMD01\D$\Program Files\Apache Software Foundation\Tomcat 9.0"
"\\SVR-SMD01\D$\sddata\elasticsearch"
"\\SVR-SMD01-t\D$\Program Files\Apache Software Foundation\Tomcat 9.0"
"\\SVR-SMD01-t\D$\sddata\elasticsearch"
"\\SVR-TDI01\C$\Program Files\Apache Software Foundation\Tomcat 8.5"
"\\SVR-TDI01\D$\CCM\Programs\5.1"