D:\Cognos\analytics\bin\log4j-1.2.17.jar
D:\Cognos\analytics\bin\log4j-1.3alpha-6.jar
D:\Cognos\analytics\bin\log4j-api-2.7.jar
D:\Cognos\analytics\bin\log4j-chainsaw-1.3alpha-6.jar
D:\Cognos\analytics\bin\log4j-core-2.7.jar
D:\Cognos\analytics\bin\log4j-optional.jar
D:\Cognos\analytics\bin\log4j-oro.jar
D:\Cognos\analytics\bin\log4j-slf4j-impl-2.7.jar
D:\Cognos\analytics\bin\log4j-xml.jar
D:\Cognos\analytics\bin64\log4j-1.3alpha-6.jar
D:\Cognos\analytics\bin64\log4j-chainsaw-1.3alpha-6.jar
D:\Cognos\analytics\bin64\log4j-optional.jar
D:\Cognos\analytics\bin64\log4j-oro.jar
D:\Cognos\analytics\bin64\log4j-xml.jar
D:\Cognos\analytics\sdk\java\lib\log4j-1.2.17.jar
D:\Cognos\analytics\webapps\p2pd\WEB-INF\lib\log4j-1.2.17.jar
D:\Cognos\analytics\wlp\usr\servers\cognosserver\workarea\org.eclipse.osgi\102\0\.cp\log4j-api-2.7.jar
D:\Cognos\analytics\wlp\usr\servers\cognosserver\workarea\org.eclipse.osgi\102\0\.cp\log4j-core-2.7.jar
D:\Cognos\analytics\wlp\usr\servers\cognosserver\workarea\org.eclipse.osgi\102\0\.cp\log4j-slf4j-impl-2.7.jar
D:\Cognos\analytics\wlp\usr\servers\cognosserver\workarea\org.eclipse.osgi\102\0\.cp\log4j-web-2.7.jar
D:\Cognos\analytics\wlp\usr\servers\cognosserver\workarea\org.eclipse.osgi\54\data\cache\com.ibm.ws.app.manager_143\.cache\WEB-INF\lib\log4j-1.2.17.jar
D:\Cognos\analytics\wlp\usr\servers\cognosserver\workarea\org.eclipse.osgi\54\data\cache\com.ibm.ws.app.manager_145\.cache\WEB-INF\lib\log4j-1.2.17.jar
D:\Cognos\analytics\wlp\usr\servers\cognosserver\workarea\org.eclipse.osgi\54\data\cache\com.ibm.ws.app.manager_146\.cache\WEB-INF\lib\log4j-1.2.17.jar
D:\Cognos\analytics\wlp\usr\servers\cognosserver\workarea\org.eclipse.osgi\54\data\cache\com.ibm.ws.app.manager_147\.cache\WEB-INF\lib\log4j-1.2.17.jar
D:\Cognos\analytics\wlp\usr\servers\cognosserver\workarea\org.eclipse.osgi\54\data\cache\com.ibm.ws.app.manager_148\.cache\WEB-INF\lib\log4j-1.2.17.jar
D:\Cognos\analytics\wlp\usr\servers\cognosserver\workarea\org.eclipse.osgi\54\data\cache\com.ibm.ws.app.manager_151\.cache\WEB-INF\lib\log4j-1.2.17.jar
D:\Cognos\analytics\wlp\usr\servers\cognosserver\workarea\org.eclipse.osgi\54\data\cache\com.ibm.ws.app.manager_152\.cache\WEB-INF\lib\log4j-1.2.17.jar
D:\Cognos\analytics\wlp\usr\servers\cognosserver\workarea\org.eclipse.osgi\54\data\cache\com.ibm.ws.app.manager_153\.cache\WEB-INF\lib\log4j-1.2.17.jar
D:\Cognos\analytics\wlp\usr\servers\cognosserver\workarea\org.eclipse.osgi\54\data\cache\com.ibm.ws.app.manager_154\.cache\WEB-INF\lib\log4j-1.2.17.jar
D:\Cognos\analytics\wlp\usr\servers\cognosserver\workarea\org.eclipse.osgi\54\data\cache\com.ibm.ws.app.manager_155\.cache\WEB-INF\lib\log4j-1.2.17.jar
D:\Cognos\analytics\wlp\usr\servers\cognosserver\workarea\org.eclipse.osgi\54\data\cache\com.ibm.ws.app.manager_157\.cache\WEB-INF\lib\log4j-1.2.17.jar
D:\Cognos\analytics\wlp\usr\servers\cognosserver\workarea\org.eclipse.osgi\54\data\cache\com.ibm.ws.app.manager_162\.cache\WEB-INF\lib\log4j-1.2.17.jar
D:\Cognos\analytics\wlp\usr\servers\cognosserver\workarea\org.eclipse.osgi\54\data\cache\com.ibm.ws.app.manager_163\.cache\WEB-INF\lib\log4j-1.2.17.jar
D:\Cognos\analytics\wlp\usr\servers\cognosserver\workarea\org.eclipse.osgi\54\data\cache\com.ibm.ws.app.manager_163\.cache\WEB-INF\lib\log4j-api-2.7.jar
D:\Cognos\analytics\wlp\usr\servers\cognosserver\workarea\org.eclipse.osgi\54\data\cache\com.ibm.ws.app.manager_163\.cache\WEB-INF\lib\log4j-core-2.7.jar
D:\Cognos\analytics\wlp\usr\servers\cognosserver\workarea\org.eclipse.osgi\54\data\cache\com.ibm.ws.app.manager_164\.cache\WEB-INF\lib\log4j-1.2.17.jar
D:\Cognos\analytics\wlp\usr\servers\cognosserver\workarea\org.eclipse.osgi\54\data\cache\com.ibm.ws.app.manager_166\.cache\WEB-INF\lib\log4j-1.2.17.jar
D:\Cognos\analytics\wlp\usr\servers\cognosserver\workarea\org.eclipse.osgi\54\data\cache\com.ibm.ws.app.manager_168\.cache\WEB-INF\lib\log4j-1.2.17.jar
D:\Cognos\analytics\wlp\usr\servers\cognosserver\workarea\org.eclipse.osgi\54\data\cache\com.ibm.ws.app.manager_169\.cache\WEB-INF\lib\log4j-1.2-api-2.11.2.jar
D:\Cognos\analytics\wlp\usr\servers\cognosserver\workarea\org.eclipse.osgi\54\data\cache\com.ibm.ws.app.manager_169\.cache\WEB-INF\lib\log4j-api-2.7.jar
D:\Cognos\analytics\wlp\usr\servers\cognosserver\workarea\org.eclipse.osgi\54\data\cache\com.ibm.ws.app.manager_169\.cache\WEB-INF\lib\log4j-core-2.7.jar
D:\Cognos\analytics\wlp\usr\servers\cognosserver\workarea\org.eclipse.osgi\54\data\cache\com.ibm.ws.app.manager_169\.cache\WEB-INF\lib\log4j-slf4j-impl-2.7.jar
D:\Cognos\analytics\wlp\usr\servers\cognosserver\workarea\org.eclipse.osgi\54\data\cache\com.ibm.ws.app.manager_169\.cache\WEB-INF\lib\log4j-web-2.7.jar
D:\Cognos\analytics\wlp\usr\servers\cognosserver\workarea\org.eclipse.osgi\54\data\cache\com.ibm.ws.app.manager_170\.cache\WEB-INF\lib\log4j-1.2.17.jar
D:\Cognos\analytics\wlp\usr\servers\cognosserver\workarea\org.eclipse.osgi\54\data\cache\com.ibm.ws.app.manager_171\.cache\WEB-INF\lib\log4j-1.2.17.jar
D:\Cognos\analytics\wlp\usr\servers\cognosserver\workarea\org.eclipse.osgi\54\data\cache\com.ibm.ws.app.manager_172\.cache\WEB-INF\lib\log4j-1.2.17.jar
D:\Cognos\analytics\wlp\usr\servers\cognosserver\workarea\org.eclipse.osgi\54\data\cache\com.ibm.ws.app.manager_175\.cache\WEB-INF\lib\log4j-1.2.17.jar
D:\Cognos\analytics\wlp\usr\servers\cognosserver\workarea\org.eclipse.osgi\54\data\cache\com.ibm.ws.app.manager_176\.cache\WEB-INF\lib\log4j-1.2.17.jar
D:\Cognos\analytics\wlp\usr\servers\dataset-service\workarea\org.eclipse.osgi\59\data\cache\com.ibm.ws.app.manager_17\.cache\WEB-INF\lib\log4j-1.2.17.jar
D:\Cognos\analytics\wlp\usr\servers\dataset-service\workarea\org.eclipse.osgi\59\data\cache\com.ibm.ws.app.manager_17\.cache\WEB-INF\lib\log4j-api-2.7.jar
D:\Cognos\analytics\wlp\usr\servers\dataset-service\workarea\org.eclipse.osgi\59\data\cache\com.ibm.ws.app.manager_17\.cache\WEB-INF\lib\log4j-core-2.7.jar
D:\Cognos\analytics\wlp\usr\servers\dataset-service\workarea\org.eclipse.osgi\89\0\.cp\log4j-api-2.7.jar
D:\Cognos\analytics\wlp\usr\servers\dataset-service\workarea\org.eclipse.osgi\89\0\.cp\log4j-core-2.7.jar
D:\Cognos\analytics\wlp\usr\servers\dataset-service\workarea\org.eclipse.osgi\89\0\.cp\log4j-slf4j-impl-2.7.jar
D:\Cognos\analytics\wlp\usr\servers\dataset-service\workarea\org.eclipse.osgi\89\0\.cp\log4j-web-2.7.jar
D:\Cognos\analytics - Copy\bin\log4j-1.2.17.jar
D:\Cognos\analytics - Copy\bin\log4j-1.3alpha-6.jar
D:\Cognos\analytics - Copy\bin\log4j-chainsaw-1.3alpha-6.jar
D:\Cognos\analytics - Copy\bin\log4j-optional.jar
D:\Cognos\analytics - Copy\bin\log4j-oro.jar
D:\Cognos\analytics - Copy\bin\log4j-xml.jar
D:\Cognos\analytics - Copy\bin64\log4j-1.3alpha-6.jar
D:\Cognos\analytics - Copy\bin64\log4j-chainsaw-1.3alpha-6.jar
D:\Cognos\analytics - Copy\bin64\log4j-optional.jar
D:\Cognos\analytics - Copy\bin64\log4j-oro.jar
D:\Cognos\analytics - Copy\bin64\log4j-xml.jar
D:\Cognos\analytics - Copy\webapps\p2pd\WEB-INF\lib\log4j-1.2.17.jar
D:\Cognos\analytics - Copy\wlp\usr\servers\cognosserver\workarea\org.eclipse.osgi\112\0\.cp\log4j-api-2.7.jar
D:\Cognos\analytics - Copy\wlp\usr\servers\cognosserver\workarea\org.eclipse.osgi\112\0\.cp\log4j-core-2.7.jar
D:\Cognos\analytics - Copy\wlp\usr\servers\cognosserver\workarea\org.eclipse.osgi\112\0\.cp\log4j-slf4j-impl-2.7.jar
D:\Cognos\analytics - Copy\wlp\usr\servers\cognosserver\workarea\org.eclipse.osgi\112\0\.cp\log4j-web-2.7.jar
D:\Cognos\analytics - Copy\wlp\usr\servers\cognosserver\workarea\org.eclipse.osgi\63\data\cache\com.ibm.ws.app.manager_100\.cache\WEB-INF\lib\log4j-1.2.17.jar
D:\Cognos\analytics - Copy\wlp\usr\servers\cognosserver\workarea\org.eclipse.osgi\63\data\cache\com.ibm.ws.app.manager_101\.cache\WEB-INF\lib\log4j-1.2.17.jar
D:\Cognos\analytics - Copy\wlp\usr\servers\cognosserver\workarea\org.eclipse.osgi\63\data\cache\com.ibm.ws.app.manager_102\.cache\WEB-INF\lib\log4j-1.2.17.jar
D:\Cognos\analytics - Copy\wlp\usr\servers\cognosserver\workarea\org.eclipse.osgi\63\data\cache\com.ibm.ws.app.manager_104\.cache\WEB-INF\lib\log4j-1.2.17.jar
D:\Cognos\analytics - Copy\wlp\usr\servers\cognosserver\workarea\org.eclipse.osgi\63\data\cache\com.ibm.ws.app.manager_108\.cache\WEB-INF\lib\log4j-1.2.17.jar
D:\Cognos\analytics - Copy\wlp\usr\servers\cognosserver\workarea\org.eclipse.osgi\63\data\cache\com.ibm.ws.app.manager_110\.cache\WEB-INF\lib\log4j-1.2.17.jar
D:\Cognos\analytics - Copy\wlp\usr\servers\cognosserver\workarea\org.eclipse.osgi\63\data\cache\com.ibm.ws.app.manager_96\.cache\WEB-INF\lib\log4j-1.2.17.jar
D:\Cognos\analytics - Copy\wlp\usr\servers\cognosserver\workarea\org.eclipse.osgi\63\data\cache\com.ibm.ws.app.manager_98\.cache\WEB-INF\lib\log4j-1.2.17.jar
D:\Cognos\analytics - Copy\wlp\usr\servers\dataset-service\workarea\org.eclipse.osgi\101\0\.cp\log4j-api-2.7.jar
D:\Cognos\analytics - Copy\wlp\usr\servers\dataset-service\workarea\org.eclipse.osgi\101\0\.cp\log4j-core-2.7.jar
D:\Cognos\analytics - Copy\wlp\usr\servers\dataset-service\workarea\org.eclipse.osgi\101\0\.cp\log4j-slf4j-impl-2.7.jar
D:\Cognos\analytics - Copy\wlp\usr\servers\dataset-service\workarea\org.eclipse.osgi\101\0\.cp\log4j-web-2.7.jar
D:\Cognos\analytics - Copy\wlp\usr\servers\dataset-service\workarea\org.eclipse.osgi\61\data\cache\com.ibm.ws.app.manager_22\.cache\WEB-INF\lib\log4j-1.2.17.jar
D:\Cognos\c11\bin\log4j-1.2.17.jar
D:\Cognos\c11\bin\log4j-1.3alpha-6.jar
D:\Cognos\c11\bin\log4j-chainsaw-1.3alpha-6.jar
D:\Cognos\c11\bin\log4j-optional.jar
D:\Cognos\c11\bin\log4j-oro.jar
D:\Cognos\c11\bin\log4j-xml.jar
D:\Cognos\c11\tomcat\lib\log4j-1.2.17.jar
D:\Cognos\c11\webapps\p2pd\WEB-INF\lib\log4j-1.2.17.jar
D:\Cognos\dqa\bin\log4j-1.2.17.jar
D:\Cognos\dqa\bin\log4j-1.3alpha-6.jar
D:\Cognos\dqa\bin\log4j-chainsaw-1.3alpha-6.jar
D:\Cognos\dqa\bin\log4j-optional.jar
D:\Cognos\dqa\bin\log4j-oro.jar
D:\Cognos\dqa\bin\log4j-xml.jar
D:\Cognos\dqa\bin64\log4j-1.3alpha-6.jar
D:\Cognos\dqa\bin64\log4j-chainsaw-1.3alpha-6.jar
D:\Cognos\dqa\bin64\log4j-optional.jar
D:\Cognos\dqa\bin64\log4j-oro.jar
D:\Cognos\dqa\bin64\log4j-xml.jar
D:\Cognos\dqa\webapps\p2pd\WEB-INF\lib\log4j-1.2.17.jar
D:\Cognos\fm\bin\log4j-1.2.17.jar
D:\Cognos\fm\bin\log4j-1.3alpha-6.jar
D:\Cognos\fm\bin\log4j-chainsaw-1.3alpha-6.jar
D:\Cognos\fm\bin\log4j-optional.jar
D:\Cognos\fm\bin\log4j-oro.jar
D:\Cognos\fm\bin\log4j-xml.jar
D:\Cognos\fm\bin64\log4j-1.3alpha-6.jar
D:\Cognos\fm\bin64\log4j-chainsaw-1.3alpha-6.jar
D:\Cognos\fm\bin64\log4j-optional.jar
D:\Cognos\fm\bin64\log4j-oro.jar
D:\Cognos\fm\bin64\log4j-xml.jar
D:\Cognos\fm\Meta Integration\java\axis2\log4j-1.2-api-2.13.2.jar
D:\Cognos\fm\Meta Integration\java\axis2\log4j-1.2.17.jar
D:\Cognos\fm\Meta Integration\java\axis2\log4j-api-2.13.2.jar
D:\Cognos\fm\Meta Integration\java\axis2\log4j-core-2.13.2.jar
D:\Cognos\fm\webapps\p2pd\WEB-INF\lib\log4j-1.2.17.jar
D:\Oracle\OraClient12201\oui\jlib\jlib\log4j-core.jar
D:\Oracle\OraClient12201-32bit\oui\jlib\jlib\log4j-core.jar